#
# There is insufficient memory for the Java Runtime Environment to continue.
# Native memory allocation (malloc) failed to allocate 1852176 bytes for Chunk::new
# Possible reasons:
#   The system is out of physical RAM or swap space
#   The process is running with CompressedOops enabled, and the Java Heap may be blocking the growth of the native heap
# Possible solutions:
#   Reduce memory load on the system
#   Increase physical memory or swap space
#   Check if swap backing store is full
#   Decrease Java heap size (-Xmx/-Xms)
#   Decrease number of Java threads
#   Decrease Java thread stack sizes (-Xss)
#   Set larger code cache with -XX:ReservedCodeCacheSize=
#   JVM is running with Unscaled Compressed Oops mode in which the Java heap is
#     placed in the first 4GB address space. The Java Heap base address is the
#     maximum limit for the native heap growth. Please use -XX:HeapBaseMinAddress
#     to set the Java Heap base and to place the Java Heap above 4GB virtual address.
# This output file may be truncated or incomplete.
#
#  Out of Memory Error (allocation.cpp:389), pid=13120, tid=0x0000000000000a04
#
# JRE version: OpenJDK Runtime Environment (8.0_212-b04) (build 1.8.0_212-release-1586-b04)
# Java VM: OpenJDK 64-Bit Server VM (25.212-b04 mixed mode windows-amd64 compressed oops)
# Failed to write core dump. Minidumps are not enabled by default on client versions of Windows
#

---------------  T H R E A D  ---------------

Current thread (0x00000000164cc800):  JavaThread "C2 CompilerThread0" daemon [_thread_in_native, id=2564, stack(0x0000000017b60000,0x0000000017c60000)]

Stack: [0x0000000017b60000,0x0000000017c60000]
[error occurred during error reporting (printing stack bounds), id 0xc0000005]

Native frames: (J=compiled Java code, j=interpreted, Vv=VM code, C=native code)


Current CompileTask:
C2:  38706 15757 % !   4       com.android.tools.r8.dex.m::b @ 460 (2743 bytes)


---------------  P R O C E S S  ---------------

Java Threads: ( => current thread )
  0x000000002bb2b000 JavaThread "ForkJoinPool-2-worker-0" daemon [_thread_blocked, id=15656, stack(0x000000002d7b0000,0x000000002d8b0000)]
  0x000000002bb29800 JavaThread "ForkJoinPool-2-worker-3" daemon [_thread_blocked, id=12904, stack(0x000000002d6b0000,0x000000002d7b0000)]
  0x000000002bb28800 JavaThread "ForkJoinPool-2-worker-2" daemon [_thread_blocked, id=13544, stack(0x000000002cc10000,0x000000002cd10000)]
  0x000000001f2c3000 JavaThread "ForkJoinPool-2-worker-1" daemon [_thread_in_Java, id=13152, stack(0x000000002cb10000,0x000000002cc10000)]
  0x000000001f2cb000 JavaThread "WorkerExecutor Queue Thread 7" [_thread_blocked, id=2172, stack(0x000000002c510000,0x000000002c610000)]
  0x000000001f2c3800 JavaThread "WorkerExecutor Queue Thread 6" [_thread_blocked, id=14676, stack(0x000000002c1f0000,0x000000002c2f0000)]
  0x000000001f2c2000 JavaThread "Cache worker for Java compile cache (C:\Users\Dar Laptop\AndroidStudioProjects\DemoApplication\.gradle\5.6.4\javaCompile)" [_thread_blocked, id=8660, stack(0x000000002ad20000,0x000000002ae20000)]
  0x000000001f2c9000 JavaThread "Cache worker for Java compile cache (C:\Users\Dar Laptop\.gradle\caches\5.6.4\javaCompile)" [_thread_blocked, id=15428, stack(0x00000000240e0000,0x00000000241e0000)]
  0x000000001f2c6000 JavaThread "WorkerExecutor Queue Thread 5" [_thread_blocked, id=15836, stack(0x0000000024d40000,0x0000000024e40000)]
  0x000000001f2cc800 JavaThread "stdout" [_thread_in_native, id=5080, stack(0x0000000024840000,0x0000000024940000)]
  0x000000001f2c1800 JavaThread "stderr" [_thread_in_native, id=9104, stack(0x00000000242e0000,0x00000000243e0000)]
  0x000000001f2c8000 JavaThread "stdout" [_thread_in_native, id=13664, stack(0x0000000024740000,0x0000000024840000)]
  0x000000001f2c0800 JavaThread "stderr" [_thread_in_native, id=5596, stack(0x0000000024640000,0x0000000024740000)]
  0x000000001f2c7800 JavaThread "stdout" [_thread_in_native, id=16368, stack(0x0000000024540000,0x0000000024640000)]
  0x000000001f2c0000 JavaThread "stderr" [_thread_in_native, id=13184, stack(0x0000000024440000,0x0000000024540000)]
  0x000000001f2c4800 JavaThread "pool-2-thread-1" [_thread_blocked, id=14548, stack(0x00000000241e0000,0x00000000242e0000)]
  0x000000001f2c6800 JavaThread "WorkerExecutor Queue" [_thread_blocked, id=16224, stack(0x00000000236b0000,0x00000000237b0000)]
  0x000000001c499000 JavaThread "Cache worker for execution history cache (C:\Users\Dar Laptop\AndroidStudioProjects\DemoApplication\.gradle\5.6.4\executionHistory)" [_thread_blocked, id=13676, stack(0x0000000022fb0000,0x00000000230b0000)]
  0x000000001c496000 JavaThread "Execution worker for ':' Thread 3" [_thread_blocked, id=13696, stack(0x0000000023de0000,0x0000000023ee0000)]
  0x000000001c497800 JavaThread "Execution worker for ':' Thread 2" [_thread_blocked, id=15536, stack(0x0000000023ce0000,0x0000000023de0000)]
  0x000000001c495000 JavaThread "Execution worker for ':'" [_thread_blocked, id=11212, stack(0x0000000023be0000,0x0000000023ce0000)]
  0x000000001c48d800 JavaThread "Cache worker for file content cache (C:\Users\Dar Laptop\AndroidStudioProjects\DemoApplication\.gradle\5.6.4\fileContent)" [_thread_blocked, id=16360, stack(0x00000000233b0000,0x00000000234b0000)]
  0x000000001c494000 JavaThread "Cache worker for file content cache (C:\Users\Dar Laptop\.gradle\caches\5.6.4\fileContent)" [_thread_blocked, id=11288, stack(0x00000000232b0000,0x00000000233b0000)]
  0x000000001c48c800 JavaThread "Memory manager" [_thread_blocked, id=13412, stack(0x00000000226a0000,0x00000000227a0000)]
  0x000000001c492000 JavaThread "Cache worker for Build Output Cleanup Cache (C:\Users\Dar Laptop\AndroidStudioProjects\DemoApplication\.gradle\buildOutputCleanup)" [_thread_blocked, id=10676, stack(0x0000000021ea0000,0x0000000021fa0000)]
  0x000000001c492800 JavaThread "Build operations Thread 4" [_thread_blocked, id=8884, stack(0x0000000021ba0000,0x0000000021ca0000)]
  0x000000001c48f800 JavaThread "Build operations Thread 3" [_thread_blocked, id=13776, stack(0x0000000021aa0000,0x0000000021ba0000)]
  0x000000001c48a800 JavaThread "Build operations Thread 2" [_thread_blocked, id=14520, stack(0x00000000219a0000,0x0000000021aa0000)]
  0x000000001c48f000 JavaThread "Build operations" [_thread_blocked, id=7244, stack(0x00000000218a0000,0x00000000219a0000)]
  0x000000001c48e000 JavaThread "Cache worker for execution history cache (C:\Users\Dar Laptop\.gradle\caches\5.6.4\executionHistory)" [_thread_blocked, id=14844, stack(0x0000000021fa0000,0x00000000220a0000)]
  0x000000001c48b000 JavaThread "Cache worker for cache directory md-rule (C:\Users\Dar Laptop\.gradle\caches\5.6.4\md-rule)" [_thread_blocked, id=11468, stack(0x00000000217a0000,0x00000000218a0000)]
  0x000000001c48c000 JavaThread "Cache worker for cache directory md-supplier (C:\Users\Dar Laptop\.gradle\caches\5.6.4\md-supplier)" [_thread_blocked, id=11044, stack(0x000000001e620000,0x000000001e720000)]
  0x00000000164d5000 JavaThread "Cache worker for file hash cache (C:\Users\Dar Laptop\AndroidStudioProjects\DemoApplication\.gradle\5.6.4\fileHashes)" [_thread_blocked, id=16088, stack(0x000000001ec60000,0x000000001ed60000)]
  0x00000000164d4800 JavaThread "Cache worker for journal cache (C:\Users\Dar Laptop\.gradle\caches\journal-1)" [_thread_blocked, id=12116, stack(0x000000001c280000,0x000000001c380000)]
  0x00000000164d2000 JavaThread "File lock request listener" [_thread_in_native, id=2740, stack(0x000000001c180000,0x000000001c280000)]
  0x0000000018219000 JavaThread "Cache worker for file hash cache (C:\Users\Dar Laptop\.gradle\caches\5.6.4\fileHashes)" [_thread_blocked, id=6392, stack(0x000000001c080000,0x000000001c180000)]
  0x0000000019f5f000 JavaThread "Thread-9" [_thread_blocked, id=1184, stack(0x000000001bd80000,0x000000001be80000)]
  0x0000000019f7f800 JavaThread "Stdin handler" [_thread_blocked, id=14740, stack(0x000000001bc80000,0x000000001bd80000)]
  0x0000000019f3b800 JavaThread "Asynchronous log dispatcher for DefaultDaemonConnection: socket connection from /127.0.0.1:51418 to /127.0.0.1:51419" [_thread_blocked, id=7520, stack(0x000000001bb80000,0x000000001bc80000)]
  0x0000000019f5a000 JavaThread "Daemon worker" [_thread_blocked, id=4436, stack(0x000000001ba80000,0x000000001bb80000)]
  0x0000000019f39000 JavaThread "Cancel handler" [_thread_blocked, id=11540, stack(0x000000001b980000,0x000000001ba80000)]
  0x0000000019f07000 JavaThread "Handler for socket connection from /127.0.0.1:51418 to /127.0.0.1:51419" [_thread_in_native, id=1716, stack(0x000000001b680000,0x000000001b780000)]
  0x0000000018ebd000 JavaThread "Daemon" [_thread_blocked, id=13448, stack(0x000000001b580000,0x000000001b680000)]
  0x0000000019efd800 JavaThread "Daemon periodic checks" [_thread_blocked, id=14284, stack(0x000000001b480000,0x000000001b580000)]
  0x0000000019e91000 JavaThread "Incoming local TCP Connector on port 51418" [_thread_in_native, id=5264, stack(0x000000001b240000,0x000000001b340000)]
  0x000000001846e800 JavaThread "Daemon health stats" [_thread_blocked, id=14112, stack(0x000000001ac00000,0x000000001ad00000)]
  0x0000000017e90000 JavaThread "Service Thread" daemon [_thread_blocked, id=15552, stack(0x0000000018260000,0x0000000018360000)]
  0x00000000164d0800 JavaThread "C1 CompilerThread2" daemon [_thread_blocked, id=14692, stack(0x0000000017d60000,0x0000000017e60000)]
  0x00000000164d7800 JavaThread "C2 CompilerThread1" daemon [_thread_in_native, id=11344, stack(0x0000000017c60000,0x0000000017d60000)]
=>0x00000000164cc800 JavaThread "C2 CompilerThread0" daemon [_thread_in_native, id=2564, stack(0x0000000017b60000,0x0000000017c60000)]
  0x00000000164ca000 JavaThread "Attach Listener" daemon [_thread_blocked, id=7880, stack(0x0000000017a60000,0x0000000017b60000)]
  0x00000000164c8800 JavaThread "Signal Dispatcher" daemon [_thread_blocked, id=12304, stack(0x0000000017960000,0x0000000017a60000)]
  0x0000000002b5b000 JavaThread "Finalizer" daemon [_thread_blocked, id=14244, stack(0x0000000017760000,0x0000000017860000)]
  0x00000000164b9000 JavaThread "Reference Handler" daemon [_thread_blocked, id=13924, stack(0x0000000017660000,0x0000000017760000)]
  0x000000000294e000 JavaThread "main" [_thread_blocked, id=696, stack(0x0000000002950000,0x0000000002a50000)]

Other Threads:
  0x0000000016496000 VMThread [stack: 0x0000000017560000,0x0000000017660000] [id=10032]
  0x0000000017e99800 WatcherThread [stack: 0x0000000018360000,0x0000000018460000] [id=192]

VM state:not at safepoint (normal execution)

VM Mutex/Monitor currently owned by a thread: None

heap address: 0x00000000a0000000, size: 1536 MB, Compressed Oops mode: 32-bit
Narrow klass base: 0x0000000000000000, Narrow klass shift: 3
Compressed class space size: 1073741824 Address: 0x0000000100000000

Heap:
 PSYoungGen      total 238592K, used 132701K [0x00000000e0000000, 0x00000000f5b00000, 0x0000000100000000)
  eden space 208896K, 63% used [0x00000000e0000000,0x00000000e81d0460,0x00000000ecc00000)
  from space 29696K, 0% used [0x00000000ecc00000,0x00000000ecc00000,0x00000000ee900000)
  to   space 53760K, 0% used [0x00000000f2680000,0x00000000f2680000,0x00000000f5b00000)
 ParOldGen       total 141824K, used 141554K [0x00000000a0000000, 0x00000000a8a80000, 0x00000000e0000000)
  object space 141824K, 99% used [0x00000000a0000000,0x00000000a8a3cab0,0x00000000a8a80000)
 Metaspace       used 82451K, capacity 85542K, committed 86144K, reserved 1124352K
  class space    used 10871K, capacity 11499K, committed 11648K, reserved 1048576K

Card table byte_map: [0x0000000011f20000,0x0000000012230000] byte_map_base: 0x0000000011a20000

Marking Bits: (ParMarkBitMap*) 0x00000000623f9f30
 Begin Bits: [0x0000000012830000, 0x0000000014030000)
 End Bits:   [0x0000000014030000, 0x0000000015830000)

Polling page: 0x00000000007f0000

CodeCache: size=245760Kb used=44914Kb max_used=44914Kb free=200845Kb
 bounds [0x0000000002b60000, 0x0000000005770000, 0x0000000011b60000]
 total_blobs=14245 nmethods=13380 adapters=776
 compilation: enabled

Compilation events (10 events):
Event: 38.697 Thread 0x00000000164d0800 16042       2       com.android.tools.r8.dex.m::b (12 bytes)
Event: 38.697 Thread 0x00000000164d0800 nmethod 16042 0x000000000576d110 code [0x000000000576d280, 0x000000000576d468]
Event: 38.697 Thread 0x00000000164d0800 16041       2       com.android.tools.r8.dex.m$$Lambda$696/1199609171::applyAsInt (12 bytes)
Event: 38.697 Thread 0x00000000164d0800 nmethod 16041 0x000000000576d610 code [0x000000000576d780, 0x000000000576d948]
Event: 38.697 Thread 0x00000000164d0800 16040       2       com.android.tools.r8.dex.m::c (12 bytes)
Event: 38.698 Thread 0x00000000164d0800 nmethod 16040 0x000000000576dad0 code [0x000000000576dc40, 0x000000000576de08]
Event: 38.698 Thread 0x00000000164d0800 16043       2       com.android.tools.r8.dex.m$$Lambda$695/436687938::applyAsInt (12 bytes)
Event: 38.698 Thread 0x00000000164d0800 nmethod 16043 0x000000000576df90 code [0x000000000576e100, 0x000000000576e2c8]
Event: 38.698 Thread 0x00000000164d0800 16044       2       com.android.tools.r8.dex.m::a (12 bytes)
Event: 38.698 Thread 0x00000000164d0800 nmethod 16044 0x000000000576e450 code [0x000000000576e5c0, 0x000000000576e7a8]

GC Heap History (10 events):
Event: 24.363 GC heap before
{Heap before GC invocations=17 (full 3):
 PSYoungGen      total 190464K, used 190441K [0x00000000e0000000, 0x00000000efc00000, 0x0000000100000000)
  eden space 174080K, 100% used [0x00000000e0000000,0x00000000eaa00000,0x00000000eaa00000)
  from space 16384K, 99% used [0x00000000eaa00000,0x00000000eb9fa4f8,0x00000000eba00000)
  to   space 19456K, 0% used [0x00000000ee900000,0x00000000ee900000,0x00000000efc00000)
 ParOldGen       total 141824K, used 39568K [0x00000000a0000000, 0x00000000a8a80000, 0x00000000e0000000)
  object space 141824K, 27% used [0x00000000a0000000,0x00000000a26a4300,0x00000000a8a80000)
 Metaspace       used 65834K, capacity 68316K, committed 68352K, reserved 1107968K
  class space    used 8917K, capacity 9450K, committed 9472K, reserved 1048576K
Event: 24.399 GC heap after
Heap after GC invocations=17 (full 3):
 PSYoungGen      total 229376K, used 12728K [0x00000000e0000000, 0x00000000ef780000, 0x0000000100000000)
  eden space 214528K, 0% used [0x00000000e0000000,0x00000000e0000000,0x00000000ed180000)
  from space 14848K, 85% used [0x00000000ee900000,0x00000000ef56e3a0,0x00000000ef780000)
  to   space 19456K, 0% used [0x00000000ed180000,0x00000000ed180000,0x00000000ee480000)
 ParOldGen       total 141824K, used 53546K [0x00000000a0000000, 0x00000000a8a80000, 0x00000000e0000000)
  object space 141824K, 37% used [0x00000000a0000000,0x00000000a344a808,0x00000000a8a80000)
 Metaspace       used 65834K, capacity 68316K, committed 68352K, reserved 1107968K
  class space    used 8917K, capacity 9450K, committed 9472K, reserved 1048576K
}
Event: 29.171 GC heap before
{Heap before GC invocations=18 (full 3):
 PSYoungGen      total 229376K, used 227256K [0x00000000e0000000, 0x00000000ef780000, 0x0000000100000000)
  eden space 214528K, 100% used [0x00000000e0000000,0x00000000ed180000,0x00000000ed180000)
  from space 14848K, 85% used [0x00000000ee900000,0x00000000ef56e3a0,0x00000000ef780000)
  to   space 19456K, 0% used [0x00000000ed180000,0x00000000ed180000,0x00000000ee480000)
 ParOldGen       total 141824K, used 53546K [0x00000000a0000000, 0x00000000a8a80000, 0x00000000e0000000)
  object space 141824K, 37% used [0x00000000a0000000,0x00000000a344a808,0x00000000a8a80000)
 Metaspace       used 73094K, capacity 75612K, committed 75776K, reserved 1114112K
  class space    used 9680K, capacity 10234K, committed 10240K, reserved 1048576K
Event: 29.229 GC heap after
Heap after GC invocations=18 (full 3):
 PSYoungGen      total 233984K, used 19428K [0x00000000e0000000, 0x00000000ef780000, 0x0000000100000000)
  eden space 214528K, 0% used [0x00000000e0000000,0x00000000e0000000,0x00000000ed180000)
  from space 19456K, 99% used [0x00000000ed180000,0x00000000ee4790e0,0x00000000ee480000)
  to   space 14848K, 0% used [0x00000000ee900000,0x00000000ee900000,0x00000000ef780000)
 ParOldGen       total 141824K, used 58936K [0x00000000a0000000, 0x00000000a8a80000, 0x00000000e0000000)
  object space 141824K, 41% used [0x00000000a0000000,0x00000000a398e328,0x00000000a8a80000)
 Metaspace       used 73094K, capacity 75612K, committed 75776K, reserved 1114112K
  class space    used 9680K, capacity 10234K, committed 10240K, reserved 1048576K
}
Event: 33.353 GC heap before
{Heap before GC invocations=19 (full 3):
 PSYoungGen      total 233984K, used 229134K [0x00000000e0000000, 0x00000000ef780000, 0x0000000100000000)
  eden space 214528K, 97% used [0x00000000e0000000,0x00000000eccca898,0x00000000ed180000)
  from space 19456K, 99% used [0x00000000ed180000,0x00000000ee4790e0,0x00000000ee480000)
  to   space 14848K, 0% used [0x00000000ee900000,0x00000000ee900000,0x00000000ef780000)
 ParOldGen       total 141824K, used 58936K [0x00000000a0000000, 0x00000000a8a80000, 0x00000000e0000000)
  object space 141824K, 41% used [0x00000000a0000000,0x00000000a398e328,0x00000000a8a80000)
 Metaspace       used 81593K, capacity 84950K, committed 85248K, reserved 1122304K
  class space    used 10791K, capacity 11457K, committed 11520K, reserved 1048576K
Event: 33.385 GC heap after
Heap after GC invocations=19 (full 3):
 PSYoungGen      total 223744K, used 14830K [0x00000000e0000000, 0x00000000f3580000, 0x0000000100000000)
  eden space 208896K, 0% used [0x00000000e0000000,0x00000000e0000000,0x00000000ecc00000)
  from space 14848K, 99% used [0x00000000ee900000,0x00000000ef77b968,0x00000000ef780000)
  to   space 29696K, 0% used [0x00000000ecc00000,0x00000000ecc00000,0x00000000ee900000)
 ParOldGen       total 141824K, used 74570K [0x00000000a0000000, 0x00000000a8a80000, 0x00000000e0000000)
  object space 141824K, 52% used [0x00000000a0000000,0x00000000a48d28d8,0x00000000a8a80000)
 Metaspace       used 81593K, capacity 84950K, committed 85248K, reserved 1122304K
  class space    used 10791K, capacity 11457K, committed 11520K, reserved 1048576K
}
Event: 36.002 GC heap before
{Heap before GC invocations=20 (full 3):
 PSYoungGen      total 223744K, used 223723K [0x00000000e0000000, 0x00000000f3580000, 0x0000000100000000)
  eden space 208896K, 99% used [0x00000000e0000000,0x00000000ecbff2a8,0x00000000ecc00000)
  from space 14848K, 99% used [0x00000000ee900000,0x00000000ef77b968,0x00000000ef780000)
  to   space 29696K, 0% used [0x00000000ecc00000,0x00000000ecc00000,0x00000000ee900000)
 ParOldGen       total 141824K, used 74570K [0x00000000a0000000, 0x00000000a8a80000, 0x00000000e0000000)
  object space 141824K, 52% used [0x00000000a0000000,0x00000000a48d28d8,0x00000000a8a80000)
 Metaspace       used 82536K, capacity 85976K, committed 86144K, reserved 1124352K
  class space    used 10931K, capacity 11606K, committed 11648K, reserved 1048576K
Event: 36.153 GC heap after
Heap after GC invocations=20 (full 3):
 PSYoungGen      total 238592K, used 29665K [0x00000000e0000000, 0x00000000f5b00000, 0x0000000100000000)
  eden space 208896K, 0% used [0x00000000e0000000,0x00000000e0000000,0x00000000ecc00000)
  from space 29696K, 99% used [0x00000000ecc00000,0x00000000ee8f87c8,0x00000000ee900000)
  to   space 53760K, 0% used [0x00000000f2680000,0x00000000f2680000,0x00000000f5b00000)
 ParOldGen       total 141824K, used 127622K [0x00000000a0000000, 0x00000000a8a80000, 0x00000000e0000000)
  object space 141824K, 89% used [0x00000000a0000000,0x00000000a7ca19d8,0x00000000a8a80000)
 Metaspace       used 82536K, capacity 85976K, committed 86144K, reserved 1124352K
  class space    used 10931K, capacity 11606K, committed 11648K, reserved 1048576K
}
Event: 36.154 GC heap before
{Heap before GC invocations=21 (full 4):
 PSYoungGen      total 238592K, used 29665K [0x00000000e0000000, 0x00000000f5b00000, 0x0000000100000000)
  eden space 208896K, 0% used [0x00000000e0000000,0x00000000e0000000,0x00000000ecc00000)
  from space 29696K, 99% used [0x00000000ecc00000,0x00000000ee8f87c8,0x00000000ee900000)
  to   space 53760K, 0% used [0x00000000f2680000,0x00000000f2680000,0x00000000f5b00000)
 ParOldGen       total 141824K, used 127622K [0x00000000a0000000, 0x00000000a8a80000, 0x00000000e0000000)
  object space 141824K, 89% used [0x00000000a0000000,0x00000000a7ca19d8,0x00000000a8a80000)
 Metaspace       used 82536K, capacity 85976K, committed 86144K, reserved 1124352K
  class space    used 10931K, capacity 11606K, committed 11648K, reserved 1048576K
Event: 37.524 GC heap after
Heap after GC invocations=21 (full 4):
 PSYoungGen      total 238592K, used 0K [0x00000000e0000000, 0x00000000f5b00000, 0x0000000100000000)
  eden space 208896K, 0% used [0x00000000e0000000,0x00000000e0000000,0x00000000ecc00000)
  from space 29696K, 0% used [0x00000000ecc00000,0x00000000ecc00000,0x00000000ee900000)
  to   space 53760K, 0% used [0x00000000f2680000,0x00000000f2680000,0x00000000f5b00000)
 ParOldGen       total 141824K, used 141554K [0x00000000a0000000, 0x00000000a8a80000, 0x00000000e0000000)
  object space 141824K, 99% used [0x00000000a0000000,0x00000000a8a3cab0,0x00000000a8a80000)
 Metaspace       used 82356K, capacity 85478K, committed 86144K, reserved 1124352K
  class space    used 10871K, capacity 11499K, committed 11648K, reserved 1048576K
}

Deoptimization events (10 events):
Event: 35.696 Thread 0x000000001f2c3800 Uncommon trap: reason=unstable_if action=reinterpret pc=0x0000000005413d94 method=java.util.TimSort.mergeLo(IIII)V @ 487
Event: 35.699 Thread 0x000000001f2c3800 Uncommon trap: reason=unstable_if action=reinterpret pc=0x00000000053d2aec method=java.util.TimSort.mergeLo(IIII)V @ 487
Event: 35.730 Thread 0x000000001f2c3800 Uncommon trap: reason=unstable_if action=reinterpret pc=0x00000000049565a8 method=java.util.TimSort.mergeHi(IIII)V @ 568
Event: 35.760 Thread 0x000000001f2c3800 Uncommon trap: reason=unstable_if action=reinterpret pc=0x00000000053cb484 method=java.util.concurrent.ConcurrentHashMap$Traverser.advance()Ljava/util/concurrent/ConcurrentHashMap$Node; @ 84
Event: 37.687 Thread 0x000000001f2c3000 Uncommon trap: reason=null_check action=make_not_entrant pc=0x0000000004ae8300 method=com.android.tools.r8.graph.d0.computeEquals(Ljava/lang/Object;)Z @ 1
Event: 38.168 Thread 0x000000001f2c3000 Uncommon trap: reason=unstable_if action=reinterpret pc=0x0000000003c67034 method=java.util.TimSort.mergeHi(IIII)V @ 584
Event: 38.170 Thread 0x000000001f2c3000 Uncommon trap: reason=unstable_if action=reinterpret pc=0x0000000004ee98b8 method=java.util.TimSort.mergeLo(IIII)V @ 513
Event: 38.172 Thread 0x000000001f2c3000 Uncommon trap: reason=unstable_if action=reinterpret pc=0x0000000003be38b8 method=java.util.TimSort.mergeLo(IIII)V @ 513
Event: 38.249 Thread 0x000000001f2c3000 Uncommon trap: reason=class_check action=maybe_recompile pc=0x00000000054345c0 method=com.android.tools.r8.dex.DexOutputBuffer.g(I)V @ 108
Event: 38.560 Thread 0x000000001f2c3000 Uncommon trap: reason=unstable_if action=reinterpret pc=0x0000000002d86094 method=com.android.tools.r8.v.a.a.a.h.M$f.hasNext()Z @ 5

Classes redefined (0 events):
No events

Internal exceptions (10 events):
Event: 32.607 Thread 0x000000001f2cb000 Exception <a 'sun/nio/fs/WindowsException'> (0x00000000ea4066a0) thrown at [D:\src\AOSP-openjdk-cygwin\jdk8u\hotspot\src\share\vm\prims\jni.cpp, line 710]
Event: 32.610 Thread 0x000000001f2cb000 Exception <a 'sun/nio/fs/WindowsException'> (0x00000000ea413308) thrown at [D:\src\AOSP-openjdk-cygwin\jdk8u\hotspot\src\share\vm\prims\jni.cpp, line 710]
Event: 32.615 Thread 0x000000001f2cb000 Exception <a 'sun/nio/fs/WindowsException'> (0x00000000ea525188) thrown at [D:\src\AOSP-openjdk-cygwin\jdk8u\hotspot\src\share\vm\prims\jni.cpp, line 710]
Event: 32.620 Thread 0x000000001f2cb000 Exception <a 'sun/nio/fs/WindowsException'> (0x00000000ea531010) thrown at [D:\src\AOSP-openjdk-cygwin\jdk8u\hotspot\src\share\vm\prims\jni.cpp, line 710]
Event: 32.625 Thread 0x000000001f2cb000 Exception <a 'sun/nio/fs/WindowsException'> (0x00000000ea541ff8) thrown at [D:\src\AOSP-openjdk-cygwin\jdk8u\hotspot\src\share\vm\prims\jni.cpp, line 710]
Event: 32.628 Thread 0x000000001f2cb000 Exception <a 'sun/nio/fs/WindowsException'> (0x00000000ea5490f8) thrown at [D:\src\AOSP-openjdk-cygwin\jdk8u\hotspot\src\share\vm\prims\jni.cpp, line 710]
Event: 33.085 Thread 0x000000001c496000 Exception <a 'java/lang/NoSuchMethodError': <clinit>> (0x00000000eb8909d8) thrown at [D:\src\AOSP-openjdk-cygwin\jdk8u\hotspot\src\share\vm\prims\jni.cpp, line 1614]
Event: 33.340 Thread 0x000000001f2c3800 Exception <a 'sun/nio/fs/WindowsException'> (0x00000000eca624f0) thrown at [D:\src\AOSP-openjdk-cygwin\jdk8u\hotspot\src\share\vm\prims\jni.cpp, line 710]
Event: 33.816 Thread 0x000000002bb2b000 Implicit null exception at 0x0000000002d60baf to 0x0000000002d60ca1
Event: 37.687 Thread 0x000000001f2c3000 Implicit null exception at 0x0000000004ae818f to 0x0000000004ae82f1

Events (10 events):
Event: 38.172 Thread 0x000000001f2c3000 DEOPT PACKING pc=0x0000000003be38b8 sp=0x000000002cc0ed20
Event: 38.172 Thread 0x000000001f2c3000 DEOPT UNPACKING pc=0x0000000002ba557b sp=0x000000002cc0ed18 mode 2
Event: 38.249 Thread 0x000000001f2c3000 Uncommon trap: trap_request=0xffffffde fr.pc=0x00000000054345c0
Event: 38.249 Thread 0x000000001f2c3000 DEOPT PACKING pc=0x00000000054345c0 sp=0x000000002cc0ea20
Event: 38.249 Thread 0x000000001f2c3000 DEOPT UNPACKING pc=0x0000000002ba557b sp=0x000000002cc0e9e0 mode 2
Event: 38.352 Executing VM operation: ForceSafepoint
Event: 38.352 Executing VM operation: ForceSafepoint done
Event: 38.560 Thread 0x000000001f2c3000 Uncommon trap: trap_request=0xffffff65 fr.pc=0x0000000002d86094
Event: 38.560 Thread 0x000000001f2c3000 DEOPT PACKING pc=0x0000000002d86094 sp=0x000000002cc0e980
Event: 38.560 Thread 0x000000001f2c3000 DEOPT UNPACKING pc=0x0000000002ba557b sp=0x000000002cc0e908 mode 2


Dynamic libraries:
0x00007ff70e280000 - 0x00007ff70e2b1000 	C:\Program Files\Android\Android Studio\jre\bin\java.exe
0x00007ffc17bb0000 - 0x00007ffc17da5000 	C:\WINDOWS\SYSTEM32\ntdll.dll
0x00007ffc172b0000 - 0x00007ffc1736d000 	C:\WINDOWS\System32\KERNEL32.DLL
0x00007ffc157a0000 - 0x00007ffc15a69000 	C:\WINDOWS\System32\KERNELBASE.dll
0x00007ffc17700000 - 0x00007ffc177ac000 	C:\WINDOWS\System32\ADVAPI32.dll
0x00007ffc177b0000 - 0x00007ffc1784e000 	C:\WINDOWS\System32\msvcrt.dll
0x00007ffc17a70000 - 0x00007ffc17b0c000 	C:\WINDOWS\System32\sechost.dll
0x00007ffc15fd0000 - 0x00007ffc160fb000 	C:\WINDOWS\System32\RPCRT4.dll
0x00007ffc17370000 - 0x00007ffc17510000 	C:\WINDOWS\System32\USER32.dll
0x00007ffc15be0000 - 0x00007ffc15c02000 	C:\WINDOWS\System32\win32u.dll
0x00007ffc16290000 - 0x00007ffc162ba000 	C:\WINDOWS\System32\GDI32.dll
0x00007ffc15ad0000 - 0x00007ffc15bdb000 	C:\WINDOWS\System32\gdi32full.dll
0x00007ffc15320000 - 0x00007ffc153bd000 	C:\WINDOWS\System32\msvcp_win.dll
0x00007ffc15620000 - 0x00007ffc15720000 	C:\WINDOWS\System32\ucrtbase.dll
0x00007ffc062c0000 - 0x00007ffc0655a000 	C:\WINDOWS\WinSxS\amd64_microsoft.windows.common-controls_6595b64144ccf1df_6.0.19041.844_none_ca00b6081b84eb1d\COMCTL32.dll
0x00007ffc17900000 - 0x00007ffc17930000 	C:\WINDOWS\System32\IMM32.DLL
0x0000000061a70000 - 0x0000000061b42000 	C:\Program Files\Android\Android Studio\jre\jre\bin\msvcr100.dll
0x0000000061c30000 - 0x0000000062476000 	C:\Program Files\Android\Android Studio\jre\jre\bin\server\jvm.dll
0x00007ffc172a0000 - 0x00007ffc172a8000 	C:\WINDOWS\System32\PSAPI.DLL
0x00007ffbedd20000 - 0x00007ffbedd29000 	C:\WINDOWS\SYSTEM32\WSOCK32.dll
0x00007ffc14e80000 - 0x00007ffc14e8a000 	C:\WINDOWS\SYSTEM32\VERSION.dll
0x00007ffc080b0000 - 0x00007ffc080d7000 	C:\WINDOWS\SYSTEM32\WINMM.dll
0x00007ffc17040000 - 0x00007ffc170ab000 	C:\WINDOWS\System32\WS2_32.dll
0x00007ffbed4f0000 - 0x00007ffbed4ff000 	C:\Program Files\Android\Android Studio\jre\jre\bin\verify.dll
0x00007ffbd0740000 - 0x00007ffbd0769000 	C:\Program Files\Android\Android Studio\jre\jre\bin\java.dll
0x00007ffbd19e0000 - 0x00007ffbd19f6000 	C:\Program Files\Android\Android Studio\jre\jre\bin\zip.dll
0x00007ffc16470000 - 0x00007ffc16bb2000 	C:\WINDOWS\System32\SHELL32.dll
0x00007ffc133e0000 - 0x00007ffc13b70000 	C:\WINDOWS\SYSTEM32\windows.storage.dll
0x00007ffc15c70000 - 0x00007ffc15fc5000 	C:\WINDOWS\System32\combase.dll
0x00007ffc14cf0000 - 0x00007ffc14d1c000 	C:\WINDOWS\SYSTEM32\Wldp.dll
0x00007ffc175f0000 - 0x00007ffc1769e000 	C:\WINDOWS\System32\SHCORE.dll
0x00007ffc16230000 - 0x00007ffc16285000 	C:\WINDOWS\System32\shlwapi.dll
0x00007ffc15230000 - 0x00007ffc1524f000 	C:\WINDOWS\SYSTEM32\profapi.dll
0x00007ffbce540000 - 0x00007ffbce55a000 	C:\Program Files\Android\Android Studio\jre\jre\bin\net.dll
0x00007ffc08320000 - 0x00007ffc0850e000 	C:\WINDOWS\SYSTEM32\urlmon.dll
0x00007ffc08820000 - 0x00007ffc08ad0000 	C:\WINDOWS\SYSTEM32\iertutil.dll
0x00007ffc14a70000 - 0x00007ffc14ada000 	C:\WINDOWS\system32\mswsock.dll
0x00007ffbce520000 - 0x00007ffbce533000 	C:\Program Files\Android\Android Studio\jre\jre\bin\nio.dll
0x00007ffbd0710000 - 0x00007ffbd0736000 	C:\Users\Dar Laptop\.gradle\native\30\windows-amd64\native-platform.dll
0x00007ffbed2f0000 - 0x00007ffbed2fd000 	C:\Program Files\Android\Android Studio\jre\jre\bin\management.dll
0x00007ffc14c50000 - 0x00007ffc14c68000 	C:\WINDOWS\SYSTEM32\CRYPTSP.dll
0x00007ffc143a0000 - 0x00007ffc143d4000 	C:\WINDOWS\system32\rsaenh.dll
0x00007ffc152f0000 - 0x00007ffc15317000 	C:\WINDOWS\System32\bcrypt.dll
0x00007ffc151b0000 - 0x00007ffc151de000 	C:\WINDOWS\SYSTEM32\USERENV.dll
0x00007ffc15720000 - 0x00007ffc157a0000 	C:\WINDOWS\System32\bcryptprimitives.dll
0x00007ffc14c40000 - 0x00007ffc14c4c000 	C:\WINDOWS\SYSTEM32\CRYPTBASE.dll
0x00007ffc14710000 - 0x00007ffc1474b000 	C:\WINDOWS\SYSTEM32\IPHLPAPI.DLL
0x00007ffc179b0000 - 0x00007ffc179b8000 	C:\WINDOWS\System32\NSI.dll
0x00007ffc0d990000 - 0x00007ffc0d9a7000 	C:\WINDOWS\SYSTEM32\dhcpcsvc6.DLL
0x00007ffc0d970000 - 0x00007ffc0d98d000 	C:\WINDOWS\SYSTEM32\dhcpcsvc.DLL
0x00007ffc14760000 - 0x00007ffc1482b000 	C:\WINDOWS\SYSTEM32\DNSAPI.dll

VM Arguments:
jvm_args: -Xmx1536m -Dfile.encoding=windows-1252 -Duser.country=US -Duser.language=en -Duser.variant 
java_command: org.gradle.launcher.daemon.bootstrap.GradleDaemon 5.6.4
java_class_path (initial): C:\Users\Dar Laptop\.gradle\wrapper\dists\gradle-5.6.4-all\ankdp27end7byghfw1q2sw75f\gradle-5.6.4\lib\gradle-launcher-5.6.4.jar
Launcher Type: SUN_STANDARD

Environment Variables:
PATH=C:\WINDOWS\system32;C:\WINDOWS;C:\WINDOWS\System32\Wbem;C:\WINDOWS\System32\WindowsPowerShell\v1.0\;C:\Program Files\Java\jdk-13.0.1\bin;C:\WINDOWS\System32\OpenSSH\;C:\Program Files\Git\cmd;C:\Program Files\Git\mingw64\bin;C:\Program Files\Git\usr\bin;C:\Program Files\nodejs\;C:\Program Files\Java\jdk-13.0.1\bin;C:\Users\Dar Laptop\AppData\Local\Microsoft\WindowsApps;C:\Users\Dar Laptop\AppData\Roaming\npm;
USERNAME=Dar Laptop
OS=Windows_NT
PROCESSOR_IDENTIFIER=Intel64 Family 6 Model 60 Stepping 3, GenuineIntel



---------------  S Y S T E M  ---------------

OS: Windows 10.0 , 64 bit Build 19041 (10.0.19041.804)

CPU:total 4 (initial active 4) (2 cores per cpu, 2 threads per core) family 6 model 60 stepping 3, cmov, cx8, fxsr, mmx, sse, sse2, sse3, ssse3, sse4.1, sse4.2, popcnt, avx, avx2, aes, clmul, erms, lzcnt, ht, tsc, tscinvbit, bmi1, bmi2

Memory: 4k page, physical 8283244k(281760k free), swap 14427244k(5860k free)

vm_info: OpenJDK 64-Bit Server VM (25.212-b04) for windows-amd64 JRE (1.8.0_212-release-1586-b04), built by "builder" with MS VC++ 10.0 (VS2010)

time: Wed Apr 07 09:18:54 2021
timezone: Pakistan Standard Time
elapsed time: 38 seconds (0d 0h 0m 38s)

