#
# There is insufficient memory for the Java Runtime Environment to continue.
# Native memory allocation (malloc) failed to allocate 1025296 bytes for Chunk::new
# Possible reasons:
#   The system is out of physical RAM or swap space
#   The process is running with CompressedOops enabled, and the Java Heap may be blocking the growth of the native heap
# Possible solutions:
#   Reduce memory load on the system
#   Increase physical memory or swap space
#   Check if swap backing store is full
#   Decrease Java heap size (-Xmx/-Xms)
#   Decrease number of Java threads
#   Decrease Java thread stack sizes (-Xss)
#   Set larger code cache with -XX:ReservedCodeCacheSize=
#   JVM is running with Unscaled Compressed Oops mode in which the Java heap is
#     placed in the first 4GB address space. The Java Heap base address is the
#     maximum limit for the native heap growth. Please use -XX:HeapBaseMinAddress
#     to set the Java Heap base and to place the Java Heap above 4GB virtual address.
# This output file may be truncated or incomplete.
#
#  Out of Memory Error (allocation.cpp:389), pid=4320, tid=0x000000000000110c
#
# JRE version: OpenJDK Runtime Environment (8.0_212-b04) (build 1.8.0_212-release-1586-b04)
# Java VM: OpenJDK 64-Bit Server VM (25.212-b04 mixed mode windows-amd64 compressed oops)
# Failed to write core dump. Minidumps are not enabled by default on client versions of Windows
#

---------------  T H R E A D  ---------------

Current thread (0x0000000016ca3000):  JavaThread "C2 CompilerThread1" daemon [_thread_in_native, id=4364, stack(0x0000000018400000,0x0000000018500000)]

Stack: [0x0000000018400000,0x0000000018500000]
[error occurred during error reporting (printing stack bounds), id 0xc0000005]

Native frames: (J=compiled Java code, j=interpreted, Vv=VM code, C=native code)


Current CompileTask:
C2:  33329 11199   !   4       java.io.ObjectOutputStream::writeObject0 (619 bytes)


---------------  P R O C E S S  ---------------

Java Threads: ( => current thread )
  0x000000001a9e0800 JavaThread "pool-1-thread-1" [_thread_blocked, id=8712, stack(0x000000001efc0000,0x000000001f0c0000)]
  0x000000001a9e4800 JavaThread "ForkJoinPool.commonPool-worker-3" daemon [_thread_blocked, id=8028, stack(0x0000000026a90000,0x0000000026b90000)]
  0x000000001a9e2000 JavaThread "ForkJoinPool.commonPool-worker-2" daemon [_thread_blocked, id=10936, stack(0x0000000026990000,0x0000000026a90000)]
  0x000000001a9e3000 JavaThread "ForkJoinPool.commonPool-worker-1" daemon [_thread_blocked, id=7780, stack(0x00000000254b0000,0x00000000255b0000)]
  0x000000001e15d000 JavaThread "Cache worker for file content cache (C:\Users\Dar Laptop\.gradle\caches\5.6.4\fileContent)" [_thread_blocked, id=7004, stack(0x0000000023890000,0x0000000023990000)]
  0x000000001e164000 JavaThread "Memory manager" [_thread_blocked, id=16200, stack(0x0000000022aa0000,0x0000000022ba0000)]
  0x000000001e160000 JavaThread "Build operations Thread 4" [_thread_blocked, id=12800, stack(0x00000000223d0000,0x00000000224d0000)]
  0x000000001e15f000 JavaThread "Build operations Thread 3" [_thread_blocked, id=2144, stack(0x00000000222d0000,0x00000000223d0000)]
  0x000000001e162800 JavaThread "Build operations Thread 2" [_thread_blocked, id=1220, stack(0x00000000221d0000,0x00000000222d0000)]
  0x000000001e15e800 JavaThread "Cache worker for execution history cache (C:\Users\Dar Laptop\.gradle\caches\5.6.4\executionHistory)" [_thread_blocked, id=1148, stack(0x0000000021dd0000,0x0000000021ed0000)]
  0x000000001a1bf800 JavaThread "Cache worker for journal cache (C:\Users\Dar Laptop\.gradle\caches\journal-1)" [_thread_blocked, id=3268, stack(0x000000001ca20000,0x000000001cb20000)]
  0x000000001a1bd000 JavaThread "File lock request listener" [_thread_in_native, id=6968, stack(0x000000001c920000,0x000000001ca20000)]
  0x000000001a1bc800 JavaThread "Cache worker for file hash cache (C:\Users\Dar Laptop\.gradle\caches\5.6.4\fileHashes)" [_thread_blocked, id=11692, stack(0x000000001c820000,0x000000001c920000)]
  0x000000001a7d6800 JavaThread "Thread-9" [_thread_blocked, id=13908, stack(0x000000001c520000,0x000000001c620000)]
  0x000000001a7d3000 JavaThread "Stdin handler" [_thread_blocked, id=15352, stack(0x000000001c420000,0x000000001c520000)]
  0x000000001a7c2000 JavaThread "Asynchronous log dispatcher for DefaultDaemonConnection: socket connection from /127.0.0.1:51447 to /127.0.0.1:51448" [_thread_blocked, id=16308, stack(0x000000001c320000,0x000000001c420000)]
  0x000000001a727800 JavaThread "Daemon worker" [_thread_in_vm, id=14888, stack(0x000000001c220000,0x000000001c320000)]
  0x000000001a6f9800 JavaThread "Cancel handler" [_thread_blocked, id=11436, stack(0x000000001c120000,0x000000001c220000)]
  0x000000001a6ee800 JavaThread "Handler for socket connection from /127.0.0.1:51447 to /127.0.0.1:51448" [_thread_in_native, id=10224, stack(0x000000001be20000,0x000000001bf20000)]
  0x000000001a6e9800 JavaThread "Daemon" [_thread_blocked, id=15704, stack(0x000000001bd20000,0x000000001be20000)]
  0x000000001a6d5000 JavaThread "Daemon periodic checks" [_thread_blocked, id=11160, stack(0x000000001bc20000,0x000000001bd20000)]
  0x000000001a677800 JavaThread "Incoming local TCP Connector on port 51447" [_thread_in_native, id=8796, stack(0x000000001b9e0000,0x000000001bae0000)]
  0x000000001a0be800 JavaThread "Daemon health stats" [_thread_blocked, id=10804, stack(0x000000001b3a0000,0x000000001b4a0000)]
  0x000000001862b000 JavaThread "Service Thread" daemon [_thread_blocked, id=5992, stack(0x0000000018a00000,0x0000000018b00000)]
  0x0000000016ca8000 JavaThread "C1 CompilerThread2" daemon [_thread_in_vm, id=2832, stack(0x0000000018500000,0x0000000018600000)]
=>0x0000000016ca3000 JavaThread "C2 CompilerThread1" daemon [_thread_in_native, id=4364, stack(0x0000000018400000,0x0000000018500000)]
  0x0000000016c9c800 JavaThread "C2 CompilerThread0" daemon [_thread_blocked, id=7216, stack(0x0000000018300000,0x0000000018400000)]
  0x0000000016c9a000 JavaThread "Attach Listener" daemon [_thread_blocked, id=14776, stack(0x0000000018200000,0x0000000018300000)]
  0x0000000016c98800 JavaThread "Signal Dispatcher" daemon [_thread_blocked, id=16316, stack(0x0000000018100000,0x0000000018200000)]
  0x000000000332b000 JavaThread "Finalizer" daemon [_thread_blocked, id=2436, stack(0x0000000017f00000,0x0000000018000000)]
  0x0000000016c89000 JavaThread "Reference Handler" daemon [_thread_blocked, id=14576, stack(0x0000000017e00000,0x0000000017f00000)]
  0x000000000322e000 JavaThread "main" [_thread_blocked, id=16264, stack(0x00000000030c0000,0x00000000031c0000)]

Other Threads:
  0x0000000016c66000 VMThread [stack: 0x0000000017d00000,0x0000000017e00000] [id=13860]
  0x000000001864c000 WatcherThread [stack: 0x0000000018b00000,0x0000000018c00000] [id=11176]

VM state:not at safepoint (normal execution)

VM Mutex/Monitor currently owned by a thread:  ([mutex/lock_event])
[0x0000000003230550] CompiledIC_lock - owner thread: 0x0000000000000000

heap address: 0x00000000a0000000, size: 1536 MB, Compressed Oops mode: 32-bit
Narrow klass base: 0x0000000000000000, Narrow klass shift: 3
Compressed class space size: 1073741824 Address: 0x0000000100000000

Heap:
 PSYoungGen      total 225792K, used 56912K [0x00000000e0000000, 0x00000000f6300000, 0x0000000100000000)
  eden space 189952K, 29% used [0x00000000e0000000,0x00000000e3794288,0x00000000eb980000)
  from space 35840K, 0% used [0x00000000eb980000,0x00000000eb980000,0x00000000edc80000)
  to   space 61952K, 0% used [0x00000000f2680000,0x00000000f2680000,0x00000000f6300000)
 ParOldGen       total 136192K, used 68843K [0x00000000a0000000, 0x00000000a8500000, 0x00000000e0000000)
  object space 136192K, 50% used [0x00000000a0000000,0x00000000a433ad20,0x00000000a8500000)
 Metaspace       used 73275K, capacity 76318K, committed 76544K, reserved 1116160K
  class space    used 10080K, capacity 10725K, committed 10752K, reserved 1048576K

Card table byte_map: [0x00000000126f0000,0x0000000012a00000] byte_map_base: 0x00000000121f0000

Marking Bits: (ParMarkBitMap*) 0x00000000623f9f30
 Begin Bits: [0x0000000013000000, 0x0000000014800000)
 End Bits:   [0x0000000014800000, 0x0000000016000000)

Polling page: 0x0000000001340000

CodeCache: size=245760Kb used=30129Kb max_used=31537Kb free=215630Kb
 bounds [0x0000000003330000, 0x0000000005220000, 0x0000000012330000]
 total_blobs=10090 nmethods=9268 adapters=735
 compilation: enabled

Compilation events (10 events):
Event: 33.219 Thread 0x0000000016ca8000 11216       3       org.gradle.internal.concurrent.CompositeStoppable::add (34 bytes)
Event: 33.220 Thread 0x0000000016ca8000 nmethod 11216 0x0000000004f27050 code [0x0000000004f27220, 0x0000000004f27948]
Event: 33.265 Thread 0x0000000016c9c800 nmethod 11186 0x0000000004c20890 code [0x0000000004c20e20, 0x0000000004c265c8]
Event: 33.265 Thread 0x0000000016c9c800 11208       4       org.gradle.internal.io.StreamByteBuffer::allocateSpace (74 bytes)
Event: 33.269 Thread 0x0000000016c9c800 nmethod 11208 0x0000000004f9d350 code [0x0000000004f9d4a0, 0x0000000004f9d6e8]
Event: 33.297 Thread 0x0000000016c9c800 11217       4       java.util.HashMap::clear (50 bytes)
Event: 33.299 Thread 0x0000000016c9c800 nmethod 11217 0x0000000004fac850 code [0x0000000004fac980, 0x0000000004facab8]
Event: 33.301 Thread 0x0000000016ca8000 11218       3       java.util.concurrent.ThreadPoolExecutor::runStateAtLeast (11 bytes)
Event: 33.306 Thread 0x0000000016ca8000 nmethod 11218 0x00000000034a7790 code [0x00000000034a78e0, 0x00000000034a7a70]
Event: 33.326 Thread 0x0000000016ca8000 11219       3       java.util.concurrent.ConcurrentLinkedQueue::iterator (9 bytes)

GC Heap History (10 events):
Event: 19.588 GC heap before
{Heap before GC invocations=16 (full 3):
 PSYoungGen      total 187392K, used 170496K [0x00000000e0000000, 0x00000000edd80000, 0x0000000100000000)
  eden space 170496K, 100% used [0x00000000e0000000,0x00000000ea680000,0x00000000ea680000)
  from space 16896K, 0% used [0x00000000eb900000,0x00000000eb900000,0x00000000ec980000)
  to   space 18944K, 0% used [0x00000000ea680000,0x00000000ea680000,0x00000000eb900000)
 ParOldGen       total 136192K, used 37105K [0x00000000a0000000, 0x00000000a8500000, 0x00000000e0000000)
  object space 136192K, 27% used [0x00000000a0000000,0x00000000a243c7e8,0x00000000a8500000)
 Metaspace       used 59877K, capacity 62064K, committed 62208K, reserved 1103872K
  class space    used 8187K, capacity 8666K, committed 8704K, reserved 1048576K
Event: 19.620 GC heap after
Heap after GC invocations=16 (full 3):
 PSYoungGen      total 189440K, used 15794K [0x00000000e0000000, 0x00000000ef000000, 0x0000000100000000)
  eden space 170496K, 0% used [0x00000000e0000000,0x00000000e0000000,0x00000000ea680000)
  from space 18944K, 83% used [0x00000000ea680000,0x00000000eb5ec928,0x00000000eb900000)
  to   space 19968K, 0% used [0x00000000edc80000,0x00000000edc80000,0x00000000ef000000)
 ParOldGen       total 136192K, used 37113K [0x00000000a0000000, 0x00000000a8500000, 0x00000000e0000000)
  object space 136192K, 27% used [0x00000000a0000000,0x00000000a243e7e8,0x00000000a8500000)
 Metaspace       used 59877K, capacity 62064K, committed 62208K, reserved 1103872K
  class space    used 8187K, capacity 8666K, committed 8704K, reserved 1048576K
}
Event: 22.861 GC heap before
{Heap before GC invocations=17 (full 3):
 PSYoungGen      total 189440K, used 186290K [0x00000000e0000000, 0x00000000ef000000, 0x0000000100000000)
  eden space 170496K, 100% used [0x00000000e0000000,0x00000000ea680000,0x00000000ea680000)
  from space 18944K, 83% used [0x00000000ea680000,0x00000000eb5ec928,0x00000000eb900000)
  to   space 19968K, 0% used [0x00000000edc80000,0x00000000edc80000,0x00000000ef000000)
 ParOldGen       total 136192K, used 37113K [0x00000000a0000000, 0x00000000a8500000, 0x00000000e0000000)
  object space 136192K, 27% used [0x00000000a0000000,0x00000000a243e7e8,0x00000000a8500000)
 Metaspace       used 62808K, capacity 65180K, committed 65280K, reserved 1105920K
  class space    used 8632K, capacity 9152K, committed 9216K, reserved 1048576K
Event: 22.948 GC heap after
Heap after GC invocations=17 (full 3):
 PSYoungGen      total 209920K, used 19967K [0x00000000e0000000, 0x00000000f1400000, 0x0000000100000000)
  eden space 189952K, 0% used [0x00000000e0000000,0x00000000e0000000,0x00000000eb980000)
  from space 19968K, 99% used [0x00000000edc80000,0x00000000eefffd90,0x00000000ef000000)
  to   space 35840K, 0% used [0x00000000eb980000,0x00000000eb980000,0x00000000edc80000)
 ParOldGen       total 136192K, used 71580K [0x00000000a0000000, 0x00000000a8500000, 0x00000000e0000000)
  object space 136192K, 52% used [0x00000000a0000000,0x00000000a45e7110,0x00000000a8500000)
 Metaspace       used 62808K, capacity 65180K, committed 65280K, reserved 1105920K
  class space    used 8632K, capacity 9152K, committed 9216K, reserved 1048576K
}
Event: 27.589 GC heap before
{Heap before GC invocations=18 (full 3):
 PSYoungGen      total 209920K, used 209919K [0x00000000e0000000, 0x00000000f1400000, 0x0000000100000000)
  eden space 189952K, 100% used [0x00000000e0000000,0x00000000eb980000,0x00000000eb980000)
  from space 19968K, 99% used [0x00000000edc80000,0x00000000eefffd90,0x00000000ef000000)
  to   space 35840K, 0% used [0x00000000eb980000,0x00000000eb980000,0x00000000edc80000)
 ParOldGen       total 136192K, used 71580K [0x00000000a0000000, 0x00000000a8500000, 0x00000000e0000000)
  object space 136192K, 52% used [0x00000000a0000000,0x00000000a45e7110,0x00000000a8500000)
 Metaspace       used 66123K, capacity 68778K, committed 68864K, reserved 1107968K
  class space    used 9132K, capacity 9715K, committed 9728K, reserved 1048576K
Event: 27.717 GC heap after
Heap after GC invocations=18 (full 3):
 PSYoungGen      total 225792K, used 35826K [0x00000000e0000000, 0x00000000f6300000, 0x0000000100000000)
  eden space 189952K, 0% used [0x00000000e0000000,0x00000000e0000000,0x00000000eb980000)
  from space 35840K, 99% used [0x00000000eb980000,0x00000000edc7c910,0x00000000edc80000)
  to   space 61952K, 0% used [0x00000000f2680000,0x00000000f2680000,0x00000000f6300000)
 ParOldGen       total 136192K, used 126481K [0x00000000a0000000, 0x00000000a8500000, 0x00000000e0000000)
  object space 136192K, 92% used [0x00000000a0000000,0x00000000a7b84660,0x00000000a8500000)
 Metaspace       used 66123K, capacity 68778K, committed 68864K, reserved 1107968K
  class space    used 9132K, capacity 9715K, committed 9728K, reserved 1048576K
}
Event: 27.717 GC heap before
{Heap before GC invocations=19 (full 4):
 PSYoungGen      total 225792K, used 35826K [0x00000000e0000000, 0x00000000f6300000, 0x0000000100000000)
  eden space 189952K, 0% used [0x00000000e0000000,0x00000000e0000000,0x00000000eb980000)
  from space 35840K, 99% used [0x00000000eb980000,0x00000000edc7c910,0x00000000edc80000)
  to   space 61952K, 0% used [0x00000000f2680000,0x00000000f2680000,0x00000000f6300000)
 ParOldGen       total 136192K, used 126481K [0x00000000a0000000, 0x00000000a8500000, 0x00000000e0000000)
  object space 136192K, 92% used [0x00000000a0000000,0x00000000a7b84660,0x00000000a8500000)
 Metaspace       used 66123K, capacity 68778K, committed 68864K, reserved 1107968K
  class space    used 9132K, capacity 9715K, committed 9728K, reserved 1048576K
Event: 28.711 GC heap after
Heap after GC invocations=19 (full 4):
 PSYoungGen      total 225792K, used 6844K [0x00000000e0000000, 0x00000000f6300000, 0x0000000100000000)
  eden space 189952K, 0% used [0x00000000e0000000,0x00000000e0000000,0x00000000eb980000)
  from space 35840K, 19% used [0x00000000eb980000,0x00000000ec02f070,0x00000000edc80000)
  to   space 61952K, 0% used [0x00000000f2680000,0x00000000f2680000,0x00000000f6300000)
 ParOldGen       total 136192K, used 135522K [0x00000000a0000000, 0x00000000a8500000, 0x00000000e0000000)
  object space 136192K, 99% used [0x00000000a0000000,0x00000000a8458888,0x00000000a8500000)
 Metaspace       used 66026K, capacity 68520K, committed 68864K, reserved 1107968K
  class space    used 9099K, capacity 9656K, committed 9728K, reserved 1048576K
}
Event: 31.959 GC heap before
{Heap before GC invocations=20 (full 5):
 PSYoungGen      total 225792K, used 196796K [0x00000000e0000000, 0x00000000f6300000, 0x0000000100000000)
  eden space 189952K, 100% used [0x00000000e0000000,0x00000000eb980000,0x00000000eb980000)
  from space 35840K, 19% used [0x00000000eb980000,0x00000000ec02f070,0x00000000edc80000)
  to   space 61952K, 0% used [0x00000000f2680000,0x00000000f2680000,0x00000000f6300000)
 ParOldGen       total 136192K, used 135522K [0x00000000a0000000, 0x00000000a8500000, 0x00000000e0000000)
  object space 136192K, 99% used [0x00000000a0000000,0x00000000a8458888,0x00000000a8500000)
 Metaspace       used 70099K, capacity 72956K, committed 73088K, reserved 1112064K
  class space    used 9645K, capacity 10264K, committed 10368K, reserved 1048576K
Event: 32.140 GC heap after
Heap after GC invocations=20 (full 5):
 PSYoungGen      total 225792K, used 0K [0x00000000e0000000, 0x00000000f6300000, 0x0000000100000000)
  eden space 189952K, 0% used [0x00000000e0000000,0x00000000e0000000,0x00000000eb980000)
  from space 35840K, 0% used [0x00000000eb980000,0x00000000eb980000,0x00000000edc80000)
  to   space 61952K, 0% used [0x00000000f2680000,0x00000000f2680000,0x00000000f6300000)
 ParOldGen       total 136192K, used 68843K [0x00000000a0000000, 0x00000000a8500000, 0x00000000e0000000)
  object space 136192K, 50% used [0x00000000a0000000,0x00000000a433ad20,0x00000000a8500000)
 Metaspace       used 70099K, capacity 72956K, committed 73088K, reserved 1112064K
  class space    used 9645K, capacity 10264K, committed 10368K, reserved 1048576K
}

Deoptimization events (10 events):
Event: 33.052 Thread 0x000000001a727800 Uncommon trap: reason=bimorphic action=maybe_recompile pc=0x00000000037d7ac8 method=org.gradle.internal.logging.sink.LogEventDispatcher.onOutput(Lorg/gradle/internal/logging/events/OutputEvent;)V @ 1
Event: 33.053 Thread 0x000000001a727800 Uncommon trap: reason=bimorphic action=maybe_recompile pc=0x00000000037d7ac8 method=org.gradle.internal.logging.sink.LogEventDispatcher.onOutput(Lorg/gradle/internal/logging/events/OutputEvent;)V @ 1
Event: 33.054 Thread 0x000000001a727800 Uncommon trap: reason=class_check action=maybe_recompile pc=0x00000000037ee550 method=org.gradle.internal.logging.text.AbstractLineChoppingStyledTextOutput$StateContext.flushLineText()V @ 110
Event: 33.054 Thread 0x000000001a727800 Uncommon trap: reason=class_check action=maybe_recompile pc=0x00000000037ee550 method=org.gradle.internal.logging.text.AbstractLineChoppingStyledTextOutput$StateContext.flushLineText()V @ 110
Event: 33.060 Thread 0x000000001a727800 Uncommon trap: reason=unstable_if action=reinterpret pc=0x0000000003483ab8 method=java.lang.reflect.Proxy.isProxyClass(Ljava/lang/Class;)Z @ 6
Event: 33.199 Thread 0x000000001e166000 Uncommon trap: reason=class_check action=maybe_recompile pc=0x00000000044b4274 method=java.util.concurrent.locks.ReentrantLock.lock()V @ 4
Event: 33.201 Thread 0x000000001e15c000 Uncommon trap: reason=class_check action=maybe_recompile pc=0x00000000044b4274 method=java.util.concurrent.locks.ReentrantLock.lock()V @ 4
Event: 33.205 Thread 0x000000001e165800 Uncommon trap: reason=class_check action=maybe_recompile pc=0x00000000044b4274 method=java.util.concurrent.locks.ReentrantLock.lock()V @ 4
Event: 33.208 Thread 0x000000001a1be800 Uncommon trap: reason=class_check action=maybe_recompile pc=0x00000000044b4274 method=java.util.concurrent.locks.ReentrantLock.lock()V @ 4
Event: 33.299 Thread 0x000000001a727800 Uncommon trap: reason=unstable_if action=reinterpret pc=0x0000000004432f20 method=java.util.HashMap$HashIterator.<init>(Ljava/util/HashMap;)V @ 45

Classes redefined (0 events):
No events

Internal exceptions (10 events):
Event: 31.356 Thread 0x000000001e16b800 Exception <a 'java/lang/NoSuchMethodError': <clinit>> (0x00000000e9e82460) thrown at [D:\src\AOSP-openjdk-cygwin\jdk8u\hotspot\src\share\vm\prims\jni.cpp, line 1614]
Event: 31.359 Thread 0x000000001e16b800 Exception <a 'java/lang/NoSuchMethodError': <clinit>> (0x00000000e9ebcea0) thrown at [D:\src\AOSP-openjdk-cygwin\jdk8u\hotspot\src\share\vm\prims\jni.cpp, line 1614]
Event: 31.367 Thread 0x000000001e16b800 Exception <a 'java/lang/NoSuchMethodError': <clinit>> (0x00000000e9f1b1c8) thrown at [D:\src\AOSP-openjdk-cygwin\jdk8u\hotspot\src\share\vm\prims\jni.cpp, line 1614]
Event: 31.371 Thread 0x000000001e16b800 Exception <a 'java/lang/NoSuchMethodError': <clinit>> (0x00000000e9f42860) thrown at [D:\src\AOSP-openjdk-cygwin\jdk8u\hotspot\src\share\vm\prims\jni.cpp, line 1614]
Event: 31.405 Thread 0x000000001e168800 Exception <a 'java/lang/NoSuchMethodError': java.lang.Object.lambda$asRunnable$0(Lcom/android/tools/build/apkzlib/utils/IOExceptionRunnable;)V> (0x00000000e71cf958) thrown at [D:\src\AOSP-openjdk-cygwin\jdk8u\hotspot\src\share\vm\interpreter\linkResolver.
Event: 31.455 Thread 0x000000001e168800 Exception <a 'java/lang/NoSuchMethodError': java.lang.Object.newSystemTemporaryDirectory()Lcom/android/tools/build/apkzlib/bytestorage/TemporaryDirectory;> (0x00000000ea1b13b0) thrown at [D:\src\AOSP-openjdk-cygwin\jdk8u\hotspot\src\share\vm\interpreter\l
Event: 31.496 Thread 0x000000001e168800 Exception <a 'sun/nio/fs/WindowsException'> (0x00000000ea34c760) thrown at [D:\src\AOSP-openjdk-cygwin\jdk8u\hotspot\src\share\vm\prims\jni.cpp, line 710]
Event: 31.497 Thread 0x000000001e168800 Exception <a 'sun/nio/fs/WindowsException'> (0x00000000ea34cc80) thrown at [D:\src\AOSP-openjdk-cygwin\jdk8u\hotspot\src\share\vm\prims\jni.cpp, line 710]
Event: 31.505 Thread 0x000000001e168800 Exception <a 'java/lang/NoSuchMethodError': java.lang.Object.lambda$static$0(Lcom/android/apksig/util/RunnablesProvider;)V> (0x00000000ea3c5d70) thrown at [D:\src\AOSP-openjdk-cygwin\jdk8u\hotspot\src\share\vm\interpreter\linkResolver.cpp, line 620]
Event: 33.017 Thread 0x000000001a727800 Exception <a 'sun/nio/fs/WindowsException'> (0x00000000e2c19c78) thrown at [D:\src\AOSP-openjdk-cygwin\jdk8u\hotspot\src\share\vm\prims\jni.cpp, line 710]

Events (10 events):
Event: 33.323 loading class com/google/wireless/android/sdk/stats/JvmDetails
Event: 33.323 loading class com/google/wireless/android/sdk/stats/JvmDetails done
Event: 33.323 loading class org/gradle/cache/internal/VersionSpecificCacheCleanupAction
Event: 33.323 loading class org/gradle/cache/internal/VersionSpecificCacheCleanupAction done
Event: 33.324 loading class com/google/wireless/android/sdk/stats/InstantRun
Event: 33.324 loading class com/google/wireless/android/sdk/stats/InstantRun done
Event: 33.325 loading class org/gradle/cache/internal/DefaultCleanupProgressMonitor
Event: 33.325 loading class org/gradle/cache/internal/DefaultCleanupProgressMonitor done
Event: 33.326 loading class com/google/wireless/android/sdk/stats/DeviceInfo
Event: 33.326 loading class com/google/wireless/android/sdk/stats/DeviceInfo done


Dynamic libraries:
0x00007ff70e280000 - 0x00007ff70e2b1000 	C:\Program Files\Android\Android Studio\jre\bin\java.exe
0x00007ffc17bb0000 - 0x00007ffc17da5000 	C:\WINDOWS\SYSTEM32\ntdll.dll
0x00007ffc172b0000 - 0x00007ffc1736d000 	C:\WINDOWS\System32\KERNEL32.DLL
0x00007ffc157a0000 - 0x00007ffc15a69000 	C:\WINDOWS\System32\KERNELBASE.dll
0x00007ffc17700000 - 0x00007ffc177ac000 	C:\WINDOWS\System32\ADVAPI32.dll
0x00007ffc177b0000 - 0x00007ffc1784e000 	C:\WINDOWS\System32\msvcrt.dll
0x00007ffc17a70000 - 0x00007ffc17b0c000 	C:\WINDOWS\System32\sechost.dll
0x00007ffc15fd0000 - 0x00007ffc160fb000 	C:\WINDOWS\System32\RPCRT4.dll
0x00007ffc17370000 - 0x00007ffc17510000 	C:\WINDOWS\System32\USER32.dll
0x00007ffc15be0000 - 0x00007ffc15c02000 	C:\WINDOWS\System32\win32u.dll
0x00007ffc16290000 - 0x00007ffc162ba000 	C:\WINDOWS\System32\GDI32.dll
0x00007ffc15ad0000 - 0x00007ffc15bdb000 	C:\WINDOWS\System32\gdi32full.dll
0x00007ffc15320000 - 0x00007ffc153bd000 	C:\WINDOWS\System32\msvcp_win.dll
0x00007ffc15620000 - 0x00007ffc15720000 	C:\WINDOWS\System32\ucrtbase.dll
0x00007ffc062c0000 - 0x00007ffc0655a000 	C:\WINDOWS\WinSxS\amd64_microsoft.windows.common-controls_6595b64144ccf1df_6.0.19041.844_none_ca00b6081b84eb1d\COMCTL32.dll
0x00007ffc17900000 - 0x00007ffc17930000 	C:\WINDOWS\System32\IMM32.DLL
0x0000000061a70000 - 0x0000000061b42000 	C:\Program Files\Android\Android Studio\jre\jre\bin\msvcr100.dll
0x0000000061c30000 - 0x0000000062476000 	C:\Program Files\Android\Android Studio\jre\jre\bin\server\jvm.dll
0x00007ffc172a0000 - 0x00007ffc172a8000 	C:\WINDOWS\System32\PSAPI.DLL
0x00007ffc080b0000 - 0x00007ffc080d7000 	C:\WINDOWS\SYSTEM32\WINMM.dll
0x00007ffc14e80000 - 0x00007ffc14e8a000 	C:\WINDOWS\SYSTEM32\VERSION.dll
0x00007ffbedd20000 - 0x00007ffbedd29000 	C:\WINDOWS\SYSTEM32\WSOCK32.dll
0x00007ffc17040000 - 0x00007ffc170ab000 	C:\WINDOWS\System32\WS2_32.dll
0x00007ffbed4f0000 - 0x00007ffbed4ff000 	C:\Program Files\Android\Android Studio\jre\jre\bin\verify.dll
0x00007ffbd0740000 - 0x00007ffbd0769000 	C:\Program Files\Android\Android Studio\jre\jre\bin\java.dll
0x00007ffbd19e0000 - 0x00007ffbd19f6000 	C:\Program Files\Android\Android Studio\jre\jre\bin\zip.dll
0x00007ffc16470000 - 0x00007ffc16bb2000 	C:\WINDOWS\System32\SHELL32.dll
0x00007ffc133e0000 - 0x00007ffc13b70000 	C:\WINDOWS\SYSTEM32\windows.storage.dll
0x00007ffc15c70000 - 0x00007ffc15fc5000 	C:\WINDOWS\System32\combase.dll
0x00007ffc14cf0000 - 0x00007ffc14d1c000 	C:\WINDOWS\SYSTEM32\Wldp.dll
0x00007ffc175f0000 - 0x00007ffc1769e000 	C:\WINDOWS\System32\SHCORE.dll
0x00007ffc16230000 - 0x00007ffc16285000 	C:\WINDOWS\System32\shlwapi.dll
0x00007ffc15230000 - 0x00007ffc1524f000 	C:\WINDOWS\SYSTEM32\profapi.dll
0x00007ffbce540000 - 0x00007ffbce55a000 	C:\Program Files\Android\Android Studio\jre\jre\bin\net.dll
0x00007ffc08320000 - 0x00007ffc0850e000 	C:\WINDOWS\SYSTEM32\urlmon.dll
0x00007ffc08820000 - 0x00007ffc08ad0000 	C:\WINDOWS\SYSTEM32\iertutil.dll
0x00007ffc14a70000 - 0x00007ffc14ada000 	C:\WINDOWS\system32\mswsock.dll
0x00007ffbce520000 - 0x00007ffbce533000 	C:\Program Files\Android\Android Studio\jre\jre\bin\nio.dll
0x00007ffbd0710000 - 0x00007ffbd0736000 	C:\Users\Dar Laptop\.gradle\native\30\windows-amd64\native-platform.dll
0x00007ffbed2f0000 - 0x00007ffbed2fd000 	C:\Program Files\Android\Android Studio\jre\jre\bin\management.dll
0x00007ffc14c50000 - 0x00007ffc14c68000 	C:\WINDOWS\SYSTEM32\CRYPTSP.dll
0x00007ffc143a0000 - 0x00007ffc143d4000 	C:\WINDOWS\system32\rsaenh.dll
0x00007ffc152f0000 - 0x00007ffc15317000 	C:\WINDOWS\System32\bcrypt.dll
0x00007ffc151b0000 - 0x00007ffc151de000 	C:\WINDOWS\SYSTEM32\USERENV.dll
0x00007ffc15720000 - 0x00007ffc157a0000 	C:\WINDOWS\System32\bcryptprimitives.dll
0x00007ffc14c40000 - 0x00007ffc14c4c000 	C:\WINDOWS\SYSTEM32\CRYPTBASE.dll
0x00007ffc14710000 - 0x00007ffc1474b000 	C:\WINDOWS\SYSTEM32\IPHLPAPI.DLL
0x00007ffc179b0000 - 0x00007ffc179b8000 	C:\WINDOWS\System32\NSI.dll
0x00007ffc0d990000 - 0x00007ffc0d9a7000 	C:\WINDOWS\SYSTEM32\dhcpcsvc6.DLL
0x00007ffc0d970000 - 0x00007ffc0d98d000 	C:\WINDOWS\SYSTEM32\dhcpcsvc.DLL
0x00007ffc14760000 - 0x00007ffc1482b000 	C:\WINDOWS\SYSTEM32\DNSAPI.dll

VM Arguments:
jvm_args: -Xmx1536m -Dfile.encoding=windows-1252 -Duser.country=US -Duser.language=en -Duser.variant 
java_command: org.gradle.launcher.daemon.bootstrap.GradleDaemon 5.6.4
java_class_path (initial): C:\Users\Dar Laptop\.gradle\wrapper\dists\gradle-5.6.4-all\ankdp27end7byghfw1q2sw75f\gradle-5.6.4\lib\gradle-launcher-5.6.4.jar
Launcher Type: SUN_STANDARD

Environment Variables:
PATH=C:\WINDOWS\system32;C:\WINDOWS;C:\WINDOWS\System32\Wbem;C:\WINDOWS\System32\WindowsPowerShell\v1.0\;C:\Program Files\Java\jdk-13.0.1\bin;C:\WINDOWS\System32\OpenSSH\;C:\Program Files\Git\cmd;C:\Program Files\Git\mingw64\bin;C:\Program Files\Git\usr\bin;C:\Program Files\nodejs\;C:\Program Files\Java\jdk-13.0.1\bin;C:\Users\Dar Laptop\AppData\Local\Microsoft\WindowsApps;C:\Users\Dar Laptop\AppData\Roaming\npm;
USERNAME=Dar Laptop
OS=Windows_NT
PROCESSOR_IDENTIFIER=Intel64 Family 6 Model 60 Stepping 3, GenuineIntel



---------------  S Y S T E M  ---------------

OS: Windows 10.0 , 64 bit Build 19041 (10.0.19041.804)

CPU:total 4 (initial active 4) (2 cores per cpu, 2 threads per core) family 6 model 60 stepping 3, cmov, cx8, fxsr, mmx, sse, sse2, sse3, ssse3, sse4.1, sse4.2, popcnt, avx, avx2, aes, clmul, erms, lzcnt, ht, tsc, tscinvbit, bmi1, bmi2

Memory: 4k page, physical 8283244k(245536k free), swap 14427244k(5236k free)

vm_info: OpenJDK 64-Bit Server VM (25.212-b04) for windows-amd64 JRE (1.8.0_212-release-1586-b04), built by "builder" with MS VC++ 10.0 (VS2010)

time: Wed Apr 07 09:19:39 2021
timezone: Pakistan Standard Time
elapsed time: 33 seconds (0d 0h 0m 33s)

